<?xml version="1.0" encoding="UTF-8"?>
<testsuite xmlns:xsi="http://www.w3.org/2001/XMLSchema-instance" xsi:noNamespaceSchemaLocation="https://maven.apache.org/surefire/maven-surefire-plugin/xsd/surefire-test-report.xsd" name="com.webtech.webtechProject.WebtechProjectApplicationTests" time="0.103" tests="1" errors="1" skipped="0" failures="0">
  <properties>
    <property name="java.specification.version" value="17"/>
    <property name="sun.cpu.isalist" value="amd64"/>
    <property name="sun.jnu.encoding" value="Cp1252"/>
    <property name="java.class.path" value="C:\Users\CARDX LTD\Desktop\fitness-app-with-spring-boot\target\test-classes;C:\Users\CARDX LTD\Desktop\fitness-app-with-spring-boot\target\classes;C:\Users\CARDX LTD\.m2\repository\org\springframework\boot\spring-boot-starter-data-jpa\2.7.11\spring-boot-starter-data-jpa-2.7.11.jar;C:\Users\CARDX LTD\.m2\repository\org\springframework\boot\spring-boot-starter-aop\2.7.11\spring-boot-starter-aop-2.7.11.jar;C:\Users\CARDX LTD\.m2\repository\org\aspectj\aspectjweaver\1.9.7\aspectjweaver-1.9.7.jar;C:\Users\CARDX LTD\.m2\repository\org\springframework\boot\spring-boot-starter-jdbc\2.7.11\spring-boot-starter-jdbc-2.7.11.jar;C:\Users\CARDX LTD\.m2\repository\com\zaxxer\HikariCP\4.0.3\HikariCP-4.0.3.jar;C:\Users\CARDX LTD\.m2\repository\org\springframework\spring-jdbc\5.3.27\spring-jdbc-5.3.27.jar;C:\Users\CARDX LTD\.m2\repository\jakarta\transaction\jakarta.transaction-api\1.3.3\jakarta.transaction-api-1.3.3.jar;C:\Users\CARDX LTD\.m2\repository\jakarta\persistence\jakarta.persistence-api\2.2.3\jakarta.persistence-api-2.2.3.jar;C:\Users\CARDX LTD\.m2\repository\org\hibernate\hibernate-core\5.6.15.Final\hibernate-core-5.6.15.Final.jar;C:\Users\CARDX LTD\.m2\repository\org\jboss\logging\jboss-logging\3.4.3.Final\jboss-logging-3.4.3.Final.jar;C:\Users\CARDX LTD\.m2\repository\net\bytebuddy\byte-buddy\1.12.23\byte-buddy-1.12.23.jar;C:\Users\CARDX LTD\.m2\repository\antlr\antlr\2.7.7\antlr-2.7.7.jar;C:\Users\CARDX LTD\.m2\repository\org\jboss\jandex\2.4.2.Final\jandex-2.4.2.Final.jar;C:\Users\CARDX LTD\.m2\repository\com\fasterxml\classmate\1.5.1\classmate-1.5.1.jar;C:\Users\CARDX LTD\.m2\repository\org\hibernate\common\hibernate-commons-annotations\5.1.2.Final\hibernate-commons-annotations-5.1.2.Final.jar;C:\Users\CARDX LTD\.m2\repository\org\glassfish\jaxb\jaxb-runtime\2.3.8\jaxb-runtime-2.3.8.jar;C:\Users\CARDX LTD\.m2\repository\org\glassfish\jaxb\txw2\2.3.8\txw2-2.3.8.jar;C:\Users\CARDX LTD\.m2\repository\com\sun\istack\istack-commons-runtime\3.0.12\istack-commons-runtime-3.0.12.jar;C:\Users\CARDX LTD\.m2\repository\org\springframework\data\spring-data-jpa\2.7.11\spring-data-jpa-2.7.11.jar;C:\Users\CARDX LTD\.m2\repository\org\springframework\data\spring-data-commons\2.7.11\spring-data-commons-2.7.11.jar;C:\Users\CARDX LTD\.m2\repository\org\springframework\spring-orm\5.3.27\spring-orm-5.3.27.jar;C:\Users\CARDX LTD\.m2\repository\org\springframework\spring-tx\5.3.27\spring-tx-5.3.27.jar;C:\Users\CARDX LTD\.m2\repository\org\springframework\spring-aspects\5.3.27\spring-aspects-5.3.27.jar;C:\Users\CARDX LTD\.m2\repository\org\springframework\boot\spring-boot-starter-thymeleaf\2.7.11\spring-boot-starter-thymeleaf-2.7.11.jar;C:\Users\CARDX LTD\.m2\repository\org\springframework\boot\spring-boot-starter\2.7.11\spring-boot-starter-2.7.11.jar;C:\Users\CARDX LTD\.m2\repository\org\springframework\boot\spring-boot-starter-logging\2.7.11\spring-boot-starter-logging-2.7.11.jar;C:\Users\CARDX LTD\.m2\repository\ch\qos\logback\logback-classic\1.2.12\logback-classic-1.2.12.jar;C:\Users\CARDX LTD\.m2\repository\ch\qos\logback\logback-core\1.2.12\logback-core-1.2.12.jar;C:\Users\CARDX LTD\.m2\repository\org\apache\logging\log4j\log4j-to-slf4j\2.17.2\log4j-to-slf4j-2.17.2.jar;C:\Users\CARDX LTD\.m2\repository\org\apache\logging\log4j\log4j-api\2.17.2\log4j-api-2.17.2.jar;C:\Users\CARDX LTD\.m2\repository\org\slf4j\jul-to-slf4j\1.7.36\jul-to-slf4j-1.7.36.jar;C:\Users\CARDX LTD\.m2\repository\jakarta\annotation\jakarta.annotation-api\1.3.5\jakarta.annotation-api-1.3.5.jar;C:\Users\CARDX LTD\.m2\repository\org\yaml\snakeyaml\1.30\snakeyaml-1.30.jar;C:\Users\CARDX LTD\.m2\repository\org\thymeleaf\thymeleaf-spring5\3.0.15.RELEASE\thymeleaf-spring5-3.0.15.RELEASE.jar;C:\Users\CARDX LTD\.m2\repository\org\thymeleaf\thymeleaf\3.0.15.RELEASE\thymeleaf-3.0.15.RELEASE.jar;C:\Users\CARDX LTD\.m2\repository\org\attoparser\attoparser\2.0.5.RELEASE\attoparser-2.0.5.RELEASE.jar;C:\Users\CARDX LTD\.m2\repository\org\unbescape\unbescape\1.1.6.RELEASE\unbescape-1.1.6.RELEASE.jar;C:\Users\CARDX LTD\.m2\repository\org\thymeleaf\extras\thymeleaf-extras-java8time\3.0.4.RELEASE\thymeleaf-extras-java8time-3.0.4.RELEASE.jar;C:\Users\CARDX LTD\.m2\repository\org\springframework\boot\spring-boot-starter-web\2.7.11\spring-boot-starter-web-2.7.11.jar;C:\Users\CARDX LTD\.m2\repository\org\springframework\boot\spring-boot-starter-json\2.7.11\spring-boot-starter-json-2.7.11.jar;C:\Users\CARDX LTD\.m2\repository\com\fasterxml\jackson\core\jackson-databind\2.13.5\jackson-databind-2.13.5.jar;C:\Users\CARDX LTD\.m2\repository\com\fasterxml\jackson\core\jackson-annotations\2.13.5\jackson-annotations-2.13.5.jar;C:\Users\CARDX LTD\.m2\repository\com\fasterxml\jackson\core\jackson-core\2.13.5\jackson-core-2.13.5.jar;C:\Users\CARDX LTD\.m2\repository\com\fasterxml\jackson\datatype\jackson-datatype-jdk8\2.13.5\jackson-datatype-jdk8-2.13.5.jar;C:\Users\CARDX LTD\.m2\repository\com\fasterxml\jackson\datatype\jackson-datatype-jsr310\2.13.5\jackson-datatype-jsr310-2.13.5.jar;C:\Users\CARDX LTD\.m2\repository\com\fasterxml\jackson\module\jackson-module-parameter-names\2.13.5\jackson-module-parameter-names-2.13.5.jar;C:\Users\CARDX LTD\.m2\repository\org\springframework\boot\spring-boot-starter-tomcat\2.7.11\spring-boot-starter-tomcat-2.7.11.jar;C:\Users\CARDX LTD\.m2\repository\org\apache\tomcat\embed\tomcat-embed-core\9.0.74\tomcat-embed-core-9.0.74.jar;C:\Users\CARDX LTD\.m2\repository\org\apache\tomcat\embed\tomcat-embed-websocket\9.0.74\tomcat-embed-websocket-9.0.74.jar;C:\Users\CARDX LTD\.m2\repository\org\springframework\spring-web\5.3.27\spring-web-5.3.27.jar;C:\Users\CARDX LTD\.m2\repository\org\springframework\spring-webmvc\5.3.27\spring-webmvc-5.3.27.jar;C:\Users\CARDX LTD\.m2\repository\org\springframework\boot\spring-boot-devtools\2.7.11\spring-boot-devtools-2.7.11.jar;C:\Users\CARDX LTD\.m2\repository\org\springframework\boot\spring-boot\2.7.11\spring-boot-2.7.11.jar;C:\Users\CARDX LTD\.m2\repository\org\springframework\boot\spring-boot-autoconfigure\2.7.11\spring-boot-autoconfigure-2.7.11.jar;C:\Users\CARDX LTD\.m2\repository\com\mysql\mysql-connector-j\8.0.33\mysql-connector-j-8.0.33.jar;C:\Users\CARDX LTD\.m2\repository\org\projectlombok\lombok\1.18.26\lombok-1.18.26.jar;C:\Users\CARDX LTD\.m2\repository\org\springframework\boot\spring-boot-starter-test\2.7.11\spring-boot-starter-test-2.7.11.jar;C:\Users\CARDX LTD\.m2\repository\org\springframework\boot\spring-boot-test\2.7.11\spring-boot-test-2.7.11.jar;C:\Users\CARDX LTD\.m2\repository\org\springframework\boot\spring-boot-test-autoconfigure\2.7.11\spring-boot-test-autoconfigure-2.7.11.jar;C:\Users\CARDX LTD\.m2\repository\com\jayway\jsonpath\json-path\2.7.0\json-path-2.7.0.jar;C:\Users\CARDX LTD\.m2\repository\net\minidev\json-smart\2.4.10\json-smart-2.4.10.jar;C:\Users\CARDX LTD\.m2\repository\net\minidev\accessors-smart\2.4.9\accessors-smart-2.4.9.jar;C:\Users\CARDX LTD\.m2\repository\org\ow2\asm\asm\9.3\asm-9.3.jar;C:\Users\CARDX LTD\.m2\repository\jakarta\xml\bind\jakarta.xml.bind-api\2.3.3\jakarta.xml.bind-api-2.3.3.jar;C:\Users\CARDX LTD\.m2\repository\jakarta\activation\jakarta.activation-api\1.2.2\jakarta.activation-api-1.2.2.jar;C:\Users\CARDX LTD\.m2\repository\org\assertj\assertj-core\3.22.0\assertj-core-3.22.0.jar;C:\Users\CARDX LTD\.m2\repository\org\hamcrest\hamcrest\2.2\hamcrest-2.2.jar;C:\Users\CARDX LTD\.m2\repository\org\junit\jupiter\junit-jupiter\5.8.2\junit-jupiter-5.8.2.jar;C:\Users\CARDX LTD\.m2\repository\org\junit\jupiter\junit-jupiter-api\5.8.2\junit-jupiter-api-5.8.2.jar;C:\Users\CARDX LTD\.m2\repository\org\opentest4j\opentest4j\1.2.0\opentest4j-1.2.0.jar;C:\Users\CARDX LTD\.m2\repository\org\junit\platform\junit-platform-commons\1.8.2\junit-platform-commons-1.8.2.jar;C:\Users\CARDX LTD\.m2\repository\org\apiguardian\apiguardian-api\1.1.2\apiguardian-api-1.1.2.jar;C:\Users\CARDX LTD\.m2\repository\org\junit\jupiter\junit-jupiter-params\5.8.2\junit-jupiter-params-5.8.2.jar;C:\Users\CARDX LTD\.m2\repository\org\junit\jupiter\junit-jupiter-engine\5.8.2\junit-jupiter-engine-5.8.2.jar;C:\Users\CARDX LTD\.m2\repository\org\junit\platform\junit-platform-engine\1.8.2\junit-platform-engine-1.8.2.jar;C:\Users\CARDX LTD\.m2\repository\org\mockito\mockito-core\4.5.1\mockito-core-4.5.1.jar;C:\Users\CARDX LTD\.m2\repository\net\bytebuddy\byte-buddy-agent\1.12.23\byte-buddy-agent-1.12.23.jar;C:\Users\CARDX LTD\.m2\repository\org\objenesis\objenesis\3.2\objenesis-3.2.jar;C:\Users\CARDX LTD\.m2\repository\org\mockito\mockito-junit-jupiter\4.5.1\mockito-junit-jupiter-4.5.1.jar;C:\Users\CARDX LTD\.m2\repository\org\skyscreamer\jsonassert\1.5.1\jsonassert-1.5.1.jar;C:\Users\CARDX LTD\.m2\repository\com\vaadin\external\google\android-json\0.0.20131108.vaadin1\android-json-0.0.20131108.vaadin1.jar;C:\Users\CARDX LTD\.m2\repository\org\springframework\spring-core\5.3.27\spring-core-5.3.27.jar;C:\Users\CARDX LTD\.m2\repository\org\springframework\spring-jcl\5.3.27\spring-jcl-5.3.27.jar;C:\Users\CARDX LTD\.m2\repository\org\xmlunit\xmlunit-core\2.9.1\xmlunit-core-2.9.1.jar;C:\Users\CARDX LTD\.m2\repository\org\apache\commons\commons-lang3\3.12.0\commons-lang3-3.12.0.jar;C:\Users\CARDX LTD\.m2\repository\org\springframework\spring-test\6.0.8\spring-test-6.0.8.jar;C:\Users\CARDX LTD\.m2\repository\org\springframework\boot\spring-boot-starter-validation\2.7.11\spring-boot-starter-validation-2.7.11.jar;C:\Users\CARDX LTD\.m2\repository\org\apache\tomcat\embed\tomcat-embed-el\9.0.74\tomcat-embed-el-9.0.74.jar;C:\Users\CARDX LTD\.m2\repository\org\hibernate\validator\hibernate-validator\6.2.5.Final\hibernate-validator-6.2.5.Final.jar;C:\Users\CARDX LTD\.m2\repository\jakarta\validation\jakarta.validation-api\2.0.2\jakarta.validation-api-2.0.2.jar;C:\Users\CARDX LTD\.m2\repository\org\springframework\boot\spring-boot-starter-security\2.7.11\spring-boot-starter-security-2.7.11.jar;C:\Users\CARDX LTD\.m2\repository\org\springframework\spring-aop\5.3.27\spring-aop-5.3.27.jar;C:\Users\CARDX LTD\.m2\repository\org\springframework\security\spring-security-config\5.7.0\spring-security-config-5.7.0.jar;C:\Users\CARDX LTD\.m2\repository\org\springframework\security\spring-security-web\5.7.0\spring-security-web-5.7.0.jar;C:\Users\CARDX LTD\.m2\repository\org\springframework\security\spring-security-core\5.7.0\spring-security-core-5.7.0.jar;C:\Users\CARDX LTD\.m2\repository\org\springframework\security\spring-security-crypto\5.7.0\spring-security-crypto-5.7.0.jar;C:\Users\CARDX LTD\.m2\repository\org\springframework\spring-beans\5.3.27\spring-beans-5.3.27.jar;C:\Users\CARDX LTD\.m2\repository\org\springframework\spring-context\5.3.27\spring-context-5.3.27.jar;C:\Users\CARDX LTD\.m2\repository\org\springframework\spring-expression\5.3.27\spring-expression-5.3.27.jar;C:\Users\CARDX LTD\.m2\repository\org\thymeleaf\extras\thymeleaf-extras-springsecurity5\3.0.4.RELEASE\thymeleaf-extras-springsecurity5-3.0.4.RELEASE.jar;C:\Users\CARDX LTD\.m2\repository\org\slf4j\slf4j-api\1.7.36\slf4j-api-1.7.36.jar;C:\Users\CARDX LTD\.m2\repository\org\springframework\boot\spring-boot-starter-mail\2.7.11\spring-boot-starter-mail-2.7.11.jar;C:\Users\CARDX LTD\.m2\repository\org\springframework\spring-context-support\5.3.27\spring-context-support-5.3.27.jar;C:\Users\CARDX LTD\.m2\repository\com\sun\mail\jakarta.mail\1.6.7\jakarta.mail-1.6.7.jar;C:\Users\CARDX LTD\.m2\repository\com\sun\activation\jakarta.activation\1.2.2\jakarta.activation-1.2.2.jar;C:\Users\CARDX LTD\.m2\repository\com\itextpdf\barcodes\7.1.16\barcodes-7.1.16.jar;C:\Users\CARDX LTD\.m2\repository\com\itextpdf\font-asian\7.1.16\font-asian-7.1.16.jar;C:\Users\CARDX LTD\.m2\repository\com\itextpdf\forms\7.1.16\forms-7.1.16.jar;C:\Users\CARDX LTD\.m2\repository\com\itextpdf\hyph\7.1.16\hyph-7.1.16.jar;C:\Users\CARDX LTD\.m2\repository\com\itextpdf\io\7.1.16\io-7.1.16.jar;C:\Users\CARDX LTD\.m2\repository\com\itextpdf\kernel\7.1.16\kernel-7.1.16.jar;C:\Users\CARDX LTD\.m2\repository\org\bouncycastle\bcpkix-jdk15on\1.68\bcpkix-jdk15on-1.68.jar;C:\Users\CARDX LTD\.m2\repository\org\bouncycastle\bcprov-jdk15on\1.68\bcprov-jdk15on-1.68.jar;C:\Users\CARDX LTD\.m2\repository\com\itextpdf\layout\7.1.16\layout-7.1.16.jar;C:\Users\CARDX LTD\.m2\repository\com\itextpdf\pdfa\7.1.16\pdfa-7.1.16.jar;C:\Users\CARDX LTD\.m2\repository\com\itextpdf\sign\7.1.16\sign-7.1.16.jar;C:\Users\CARDX LTD\.m2\repository\com\itextpdf\styled-xml-parser\7.1.16\styled-xml-parser-7.1.16.jar;C:\Users\CARDX LTD\.m2\repository\com\itextpdf\svg\7.1.16\svg-7.1.16.jar;C:\Users\CARDX LTD\.m2\repository\org\apache\pdfbox\pdfbox\2.0.23\pdfbox-2.0.23.jar;C:\Users\CARDX LTD\.m2\repository\org\apache\pdfbox\fontbox\2.0.23\fontbox-2.0.23.jar;C:\Users\CARDX LTD\.m2\repository\commons-logging\commons-logging\1.2\commons-logging-1.2.jar;C:\Users\CARDX LTD\.m2\repository\commons-fileupload\commons-fileupload\1.4\commons-fileupload-1.4.jar;C:\Users\CARDX LTD\.m2\repository\commons-io\commons-io\2.2\commons-io-2.2.jar;"/>
    <property name="java.vm.vendor" value="Amazon.com Inc."/>
    <property name="sun.arch.data.model" value="64"/>
    <property name="user.variant" value=""/>
    <property name="java.vendor.url" value="https://aws.amazon.com/corretto/"/>
    <property name="user.timezone" value="Africa/Johannesburg"/>
    <property name="os.name" value="Windows 10"/>
    <property name="java.vm.specification.version" value="17"/>
    <property name="sun.java.launcher" value="SUN_STANDARD"/>
    <property name="user.country" value="US"/>
    <property name="sun.boot.library.path" value="C:\Users\CARDX LTD\.jdks\corretto-17.0.9\bin"/>
    <property name="sun.java.command" value="C:\Users\CARDXL~1\AppData\Local\Temp\surefire17237356154280420741\surefirebooter15364827594693686172.jar C:\Users\CARDX LTD\AppData\Local\Temp\surefire17237356154280420741 2023-12-19T13-34-02_761-jvmRun1 surefire8971720159370832495tmp surefire_07453306446610516795tmp"/>
    <property name="jdk.debug" value="release"/>
    <property name="surefire.test.class.path" value="C:\Users\CARDX LTD\Desktop\fitness-app-with-spring-boot\target\test-classes;C:\Users\CARDX LTD\Desktop\fitness-app-with-spring-boot\target\classes;C:\Users\CARDX LTD\.m2\repository\org\springframework\boot\spring-boot-starter-data-jpa\2.7.11\spring-boot-starter-data-jpa-2.7.11.jar;C:\Users\CARDX LTD\.m2\repository\org\springframework\boot\spring-boot-starter-aop\2.7.11\spring-boot-starter-aop-2.7.11.jar;C:\Users\CARDX LTD\.m2\repository\org\aspectj\aspectjweaver\1.9.7\aspectjweaver-1.9.7.jar;C:\Users\CARDX LTD\.m2\repository\org\springframework\boot\spring-boot-starter-jdbc\2.7.11\spring-boot-starter-jdbc-2.7.11.jar;C:\Users\CARDX LTD\.m2\repository\com\zaxxer\HikariCP\4.0.3\HikariCP-4.0.3.jar;C:\Users\CARDX LTD\.m2\repository\org\springframework\spring-jdbc\5.3.27\spring-jdbc-5.3.27.jar;C:\Users\CARDX LTD\.m2\repository\jakarta\transaction\jakarta.transaction-api\1.3.3\jakarta.transaction-api-1.3.3.jar;C:\Users\CARDX LTD\.m2\repository\jakarta\persistence\jakarta.persistence-api\2.2.3\jakarta.persistence-api-2.2.3.jar;C:\Users\CARDX LTD\.m2\repository\org\hibernate\hibernate-core\5.6.15.Final\hibernate-core-5.6.15.Final.jar;C:\Users\CARDX LTD\.m2\repository\org\jboss\logging\jboss-logging\3.4.3.Final\jboss-logging-3.4.3.Final.jar;C:\Users\CARDX LTD\.m2\repository\net\bytebuddy\byte-buddy\1.12.23\byte-buddy-1.12.23.jar;C:\Users\CARDX LTD\.m2\repository\antlr\antlr\2.7.7\antlr-2.7.7.jar;C:\Users\CARDX LTD\.m2\repository\org\jboss\jandex\2.4.2.Final\jandex-2.4.2.Final.jar;C:\Users\CARDX LTD\.m2\repository\com\fasterxml\classmate\1.5.1\classmate-1.5.1.jar;C:\Users\CARDX LTD\.m2\repository\org\hibernate\common\hibernate-commons-annotations\5.1.2.Final\hibernate-commons-annotations-5.1.2.Final.jar;C:\Users\CARDX LTD\.m2\repository\org\glassfish\jaxb\jaxb-runtime\2.3.8\jaxb-runtime-2.3.8.jar;C:\Users\CARDX LTD\.m2\repository\org\glassfish\jaxb\txw2\2.3.8\txw2-2.3.8.jar;C:\Users\CARDX LTD\.m2\repository\com\sun\istack\istack-commons-runtime\3.0.12\istack-commons-runtime-3.0.12.jar;C:\Users\CARDX LTD\.m2\repository\org\springframework\data\spring-data-jpa\2.7.11\spring-data-jpa-2.7.11.jar;C:\Users\CARDX LTD\.m2\repository\org\springframework\data\spring-data-commons\2.7.11\spring-data-commons-2.7.11.jar;C:\Users\CARDX LTD\.m2\repository\org\springframework\spring-orm\5.3.27\spring-orm-5.3.27.jar;C:\Users\CARDX LTD\.m2\repository\org\springframework\spring-tx\5.3.27\spring-tx-5.3.27.jar;C:\Users\CARDX LTD\.m2\repository\org\springframework\spring-aspects\5.3.27\spring-aspects-5.3.27.jar;C:\Users\CARDX LTD\.m2\repository\org\springframework\boot\spring-boot-starter-thymeleaf\2.7.11\spring-boot-starter-thymeleaf-2.7.11.jar;C:\Users\CARDX LTD\.m2\repository\org\springframework\boot\spring-boot-starter\2.7.11\spring-boot-starter-2.7.11.jar;C:\Users\CARDX LTD\.m2\repository\org\springframework\boot\spring-boot-starter-logging\2.7.11\spring-boot-starter-logging-2.7.11.jar;C:\Users\CARDX LTD\.m2\repository\ch\qos\logback\logback-classic\1.2.12\logback-classic-1.2.12.jar;C:\Users\CARDX LTD\.m2\repository\ch\qos\logback\logback-core\1.2.12\logback-core-1.2.12.jar;C:\Users\CARDX LTD\.m2\repository\org\apache\logging\log4j\log4j-to-slf4j\2.17.2\log4j-to-slf4j-2.17.2.jar;C:\Users\CARDX LTD\.m2\repository\org\apache\logging\log4j\log4j-api\2.17.2\log4j-api-2.17.2.jar;C:\Users\CARDX LTD\.m2\repository\org\slf4j\jul-to-slf4j\1.7.36\jul-to-slf4j-1.7.36.jar;C:\Users\CARDX LTD\.m2\repository\jakarta\annotation\jakarta.annotation-api\1.3.5\jakarta.annotation-api-1.3.5.jar;C:\Users\CARDX LTD\.m2\repository\org\yaml\snakeyaml\1.30\snakeyaml-1.30.jar;C:\Users\CARDX LTD\.m2\repository\org\thymeleaf\thymeleaf-spring5\3.0.15.RELEASE\thymeleaf-spring5-3.0.15.RELEASE.jar;C:\Users\CARDX LTD\.m2\repository\org\thymeleaf\thymeleaf\3.0.15.RELEASE\thymeleaf-3.0.15.RELEASE.jar;C:\Users\CARDX LTD\.m2\repository\org\attoparser\attoparser\2.0.5.RELEASE\attoparser-2.0.5.RELEASE.jar;C:\Users\CARDX LTD\.m2\repository\org\unbescape\unbescape\1.1.6.RELEASE\unbescape-1.1.6.RELEASE.jar;C:\Users\CARDX LTD\.m2\repository\org\thymeleaf\extras\thymeleaf-extras-java8time\3.0.4.RELEASE\thymeleaf-extras-java8time-3.0.4.RELEASE.jar;C:\Users\CARDX LTD\.m2\repository\org\springframework\boot\spring-boot-starter-web\2.7.11\spring-boot-starter-web-2.7.11.jar;C:\Users\CARDX LTD\.m2\repository\org\springframework\boot\spring-boot-starter-json\2.7.11\spring-boot-starter-json-2.7.11.jar;C:\Users\CARDX LTD\.m2\repository\com\fasterxml\jackson\core\jackson-databind\2.13.5\jackson-databind-2.13.5.jar;C:\Users\CARDX LTD\.m2\repository\com\fasterxml\jackson\core\jackson-annotations\2.13.5\jackson-annotations-2.13.5.jar;C:\Users\CARDX LTD\.m2\repository\com\fasterxml\jackson\core\jackson-core\2.13.5\jackson-core-2.13.5.jar;C:\Users\CARDX LTD\.m2\repository\com\fasterxml\jackson\datatype\jackson-datatype-jdk8\2.13.5\jackson-datatype-jdk8-2.13.5.jar;C:\Users\CARDX LTD\.m2\repository\com\fasterxml\jackson\datatype\jackson-datatype-jsr310\2.13.5\jackson-datatype-jsr310-2.13.5.jar;C:\Users\CARDX LTD\.m2\repository\com\fasterxml\jackson\module\jackson-module-parameter-names\2.13.5\jackson-module-parameter-names-2.13.5.jar;C:\Users\CARDX LTD\.m2\repository\org\springframework\boot\spring-boot-starter-tomcat\2.7.11\spring-boot-starter-tomcat-2.7.11.jar;C:\Users\CARDX LTD\.m2\repository\org\apache\tomcat\embed\tomcat-embed-core\9.0.74\tomcat-embed-core-9.0.74.jar;C:\Users\CARDX LTD\.m2\repository\org\apache\tomcat\embed\tomcat-embed-websocket\9.0.74\tomcat-embed-websocket-9.0.74.jar;C:\Users\CARDX LTD\.m2\repository\org\springframework\spring-web\5.3.27\spring-web-5.3.27.jar;C:\Users\CARDX LTD\.m2\repository\org\springframework\spring-webmvc\5.3.27\spring-webmvc-5.3.27.jar;C:\Users\CARDX LTD\.m2\repository\org\springframework\boot\spring-boot-devtools\2.7.11\spring-boot-devtools-2.7.11.jar;C:\Users\CARDX LTD\.m2\repository\org\springframework\boot\spring-boot\2.7.11\spring-boot-2.7.11.jar;C:\Users\CARDX LTD\.m2\repository\org\springframework\boot\spring-boot-autoconfigure\2.7.11\spring-boot-autoconfigure-2.7.11.jar;C:\Users\CARDX LTD\.m2\repository\com\mysql\mysql-connector-j\8.0.33\mysql-connector-j-8.0.33.jar;C:\Users\CARDX LTD\.m2\repository\org\projectlombok\lombok\1.18.26\lombok-1.18.26.jar;C:\Users\CARDX LTD\.m2\repository\org\springframework\boot\spring-boot-starter-test\2.7.11\spring-boot-starter-test-2.7.11.jar;C:\Users\CARDX LTD\.m2\repository\org\springframework\boot\spring-boot-test\2.7.11\spring-boot-test-2.7.11.jar;C:\Users\CARDX LTD\.m2\repository\org\springframework\boot\spring-boot-test-autoconfigure\2.7.11\spring-boot-test-autoconfigure-2.7.11.jar;C:\Users\CARDX LTD\.m2\repository\com\jayway\jsonpath\json-path\2.7.0\json-path-2.7.0.jar;C:\Users\CARDX LTD\.m2\repository\net\minidev\json-smart\2.4.10\json-smart-2.4.10.jar;C:\Users\CARDX LTD\.m2\repository\net\minidev\accessors-smart\2.4.9\accessors-smart-2.4.9.jar;C:\Users\CARDX LTD\.m2\repository\org\ow2\asm\asm\9.3\asm-9.3.jar;C:\Users\CARDX LTD\.m2\repository\jakarta\xml\bind\jakarta.xml.bind-api\2.3.3\jakarta.xml.bind-api-2.3.3.jar;C:\Users\CARDX LTD\.m2\repository\jakarta\activation\jakarta.activation-api\1.2.2\jakarta.activation-api-1.2.2.jar;C:\Users\CARDX LTD\.m2\repository\org\assertj\assertj-core\3.22.0\assertj-core-3.22.0.jar;C:\Users\CARDX LTD\.m2\repository\org\hamcrest\hamcrest\2.2\hamcrest-2.2.jar;C:\Users\CARDX LTD\.m2\repository\org\junit\jupiter\junit-jupiter\5.8.2\junit-jupiter-5.8.2.jar;C:\Users\CARDX LTD\.m2\repository\org\junit\jupiter\junit-jupiter-api\5.8.2\junit-jupiter-api-5.8.2.jar;C:\Users\CARDX LTD\.m2\repository\org\opentest4j\opentest4j\1.2.0\opentest4j-1.2.0.jar;C:\Users\CARDX LTD\.m2\repository\org\junit\platform\junit-platform-commons\1.8.2\junit-platform-commons-1.8.2.jar;C:\Users\CARDX LTD\.m2\repository\org\apiguardian\apiguardian-api\1.1.2\apiguardian-api-1.1.2.jar;C:\Users\CARDX LTD\.m2\repository\org\junit\jupiter\junit-jupiter-params\5.8.2\junit-jupiter-params-5.8.2.jar;C:\Users\CARDX LTD\.m2\repository\org\junit\jupiter\junit-jupiter-engine\5.8.2\junit-jupiter-engine-5.8.2.jar;C:\Users\CARDX LTD\.m2\repository\org\junit\platform\junit-platform-engine\1.8.2\junit-platform-engine-1.8.2.jar;C:\Users\CARDX LTD\.m2\repository\org\mockito\mockito-core\4.5.1\mockito-core-4.5.1.jar;C:\Users\CARDX LTD\.m2\repository\net\bytebuddy\byte-buddy-agent\1.12.23\byte-buddy-agent-1.12.23.jar;C:\Users\CARDX LTD\.m2\repository\org\objenesis\objenesis\3.2\objenesis-3.2.jar;C:\Users\CARDX LTD\.m2\repository\org\mockito\mockito-junit-jupiter\4.5.1\mockito-junit-jupiter-4.5.1.jar;C:\Users\CARDX LTD\.m2\repository\org\skyscreamer\jsonassert\1.5.1\jsonassert-1.5.1.jar;C:\Users\CARDX LTD\.m2\repository\com\vaadin\external\google\android-json\0.0.20131108.vaadin1\android-json-0.0.20131108.vaadin1.jar;C:\Users\CARDX LTD\.m2\repository\org\springframework\spring-core\5.3.27\spring-core-5.3.27.jar;C:\Users\CARDX LTD\.m2\repository\org\springframework\spring-jcl\5.3.27\spring-jcl-5.3.27.jar;C:\Users\CARDX LTD\.m2\repository\org\xmlunit\xmlunit-core\2.9.1\xmlunit-core-2.9.1.jar;C:\Users\CARDX LTD\.m2\repository\org\apache\commons\commons-lang3\3.12.0\commons-lang3-3.12.0.jar;C:\Users\CARDX LTD\.m2\repository\org\springframework\spring-test\6.0.8\spring-test-6.0.8.jar;C:\Users\CARDX LTD\.m2\repository\org\springframework\boot\spring-boot-starter-validation\2.7.11\spring-boot-starter-validation-2.7.11.jar;C:\Users\CARDX LTD\.m2\repository\org\apache\tomcat\embed\tomcat-embed-el\9.0.74\tomcat-embed-el-9.0.74.jar;C:\Users\CARDX LTD\.m2\repository\org\hibernate\validator\hibernate-validator\6.2.5.Final\hibernate-validator-6.2.5.Final.jar;C:\Users\CARDX LTD\.m2\repository\jakarta\validation\jakarta.validation-api\2.0.2\jakarta.validation-api-2.0.2.jar;C:\Users\CARDX LTD\.m2\repository\org\springframework\boot\spring-boot-starter-security\2.7.11\spring-boot-starter-security-2.7.11.jar;C:\Users\CARDX LTD\.m2\repository\org\springframework\spring-aop\5.3.27\spring-aop-5.3.27.jar;C:\Users\CARDX LTD\.m2\repository\org\springframework\security\spring-security-config\5.7.0\spring-security-config-5.7.0.jar;C:\Users\CARDX LTD\.m2\repository\org\springframework\security\spring-security-web\5.7.0\spring-security-web-5.7.0.jar;C:\Users\CARDX LTD\.m2\repository\org\springframework\security\spring-security-core\5.7.0\spring-security-core-5.7.0.jar;C:\Users\CARDX LTD\.m2\repository\org\springframework\security\spring-security-crypto\5.7.0\spring-security-crypto-5.7.0.jar;C:\Users\CARDX LTD\.m2\repository\org\springframework\spring-beans\5.3.27\spring-beans-5.3.27.jar;C:\Users\CARDX LTD\.m2\repository\org\springframework\spring-context\5.3.27\spring-context-5.3.27.jar;C:\Users\CARDX LTD\.m2\repository\org\springframework\spring-expression\5.3.27\spring-expression-5.3.27.jar;C:\Users\CARDX LTD\.m2\repository\org\thymeleaf\extras\thymeleaf-extras-springsecurity5\3.0.4.RELEASE\thymeleaf-extras-springsecurity5-3.0.4.RELEASE.jar;C:\Users\CARDX LTD\.m2\repository\org\slf4j\slf4j-api\1.7.36\slf4j-api-1.7.36.jar;C:\Users\CARDX LTD\.m2\repository\org\springframework\boot\spring-boot-starter-mail\2.7.11\spring-boot-starter-mail-2.7.11.jar;C:\Users\CARDX LTD\.m2\repository\org\springframework\spring-context-support\5.3.27\spring-context-support-5.3.27.jar;C:\Users\CARDX LTD\.m2\repository\com\sun\mail\jakarta.mail\1.6.7\jakarta.mail-1.6.7.jar;C:\Users\CARDX LTD\.m2\repository\com\sun\activation\jakarta.activation\1.2.2\jakarta.activation-1.2.2.jar;C:\Users\CARDX LTD\.m2\repository\com\itextpdf\barcodes\7.1.16\barcodes-7.1.16.jar;C:\Users\CARDX LTD\.m2\repository\com\itextpdf\font-asian\7.1.16\font-asian-7.1.16.jar;C:\Users\CARDX LTD\.m2\repository\com\itextpdf\forms\7.1.16\forms-7.1.16.jar;C:\Users\CARDX LTD\.m2\repository\com\itextpdf\hyph\7.1.16\hyph-7.1.16.jar;C:\Users\CARDX LTD\.m2\repository\com\itextpdf\io\7.1.16\io-7.1.16.jar;C:\Users\CARDX LTD\.m2\repository\com\itextpdf\kernel\7.1.16\kernel-7.1.16.jar;C:\Users\CARDX LTD\.m2\repository\org\bouncycastle\bcpkix-jdk15on\1.68\bcpkix-jdk15on-1.68.jar;C:\Users\CARDX LTD\.m2\repository\org\bouncycastle\bcprov-jdk15on\1.68\bcprov-jdk15on-1.68.jar;C:\Users\CARDX LTD\.m2\repository\com\itextpdf\layout\7.1.16\layout-7.1.16.jar;C:\Users\CARDX LTD\.m2\repository\com\itextpdf\pdfa\7.1.16\pdfa-7.1.16.jar;C:\Users\CARDX LTD\.m2\repository\com\itextpdf\sign\7.1.16\sign-7.1.16.jar;C:\Users\CARDX LTD\.m2\repository\com\itextpdf\styled-xml-parser\7.1.16\styled-xml-parser-7.1.16.jar;C:\Users\CARDX LTD\.m2\repository\com\itextpdf\svg\7.1.16\svg-7.1.16.jar;C:\Users\CARDX LTD\.m2\repository\org\apache\pdfbox\pdfbox\2.0.23\pdfbox-2.0.23.jar;C:\Users\CARDX LTD\.m2\repository\org\apache\pdfbox\fontbox\2.0.23\fontbox-2.0.23.jar;C:\Users\CARDX LTD\.m2\repository\commons-logging\commons-logging\1.2\commons-logging-1.2.jar;C:\Users\CARDX LTD\.m2\repository\commons-fileupload\commons-fileupload\1.4\commons-fileupload-1.4.jar;C:\Users\CARDX LTD\.m2\repository\commons-io\commons-io\2.2\commons-io-2.2.jar;"/>
    <property name="sun.cpu.endian" value="little"/>
    <property name="user.home" value="C:\Users\CARDX LTD"/>
    <property name="user.language" value="en"/>
    <property name="java.specification.vendor" value="Oracle Corporation"/>
    <property name="java.version.date" value="2023-10-17"/>
    <property name="java.home" value="C:\Users\CARDX LTD\.jdks\corretto-17.0.9"/>
    <property name="file.separator" value="\"/>
    <property name="basedir" value="C:\Users\CARDX LTD\Desktop\fitness-app-with-spring-boot"/>
    <property name="java.vm.compressedOopsMode" value="Zero based"/>
    <property name="line.separator" value="&#10;"/>
    <property name="java.vm.specification.vendor" value="Oracle Corporation"/>
    <property name="java.specification.name" value="Java Platform API Specification"/>
    <property name="surefire.real.class.path" value="C:\Users\CARDXL~1\AppData\Local\Temp\surefire17237356154280420741\surefirebooter15364827594693686172.jar"/>
    <property name="user.script" value=""/>
    <property name="sun.management.compiler" value="HotSpot 64-Bit Tiered Compilers"/>
    <property name="java.runtime.version" value="17.0.9+8-LTS"/>
    <property name="user.name" value="CARDX LTD"/>
    <property name="path.separator" value=";"/>
    <property name="os.version" value="10.0"/>
    <property name="java.runtime.name" value="OpenJDK Runtime Environment"/>
    <property name="file.encoding" value="Cp1252"/>
    <property name="java.vm.name" value="OpenJDK 64-Bit Server VM"/>
    <property name="java.vendor.version" value="Corretto-17.0.9.8.1"/>
    <property name="localRepository" value="C:\Users\CARDX LTD\.m2\repository"/>
    <property name="java.vendor.url.bug" value="https://github.com/corretto/corretto-17/issues/"/>
    <property name="java.io.tmpdir" value="C:\Users\CARDXL~1\AppData\Local\Temp\"/>
    <property name="idea.version" value="2023.2.5"/>
    <property name="java.version" value="17.0.9"/>
    <property name="user.dir" value="C:\Users\CARDX LTD\Desktop\fitness-app-with-spring-boot"/>
    <property name="os.arch" value="amd64"/>
    <property name="java.vm.specification.name" value="Java Virtual Machine Specification"/>
    <property name="sun.os.patch.level" value=""/>
    <property name="native.encoding" value="Cp1252"/>
    <property name="java.library.path" value="C:\Users\CARDX LTD\.jdks\corretto-17.0.9\bin;C:\Windows\Sun\Java\bin;C:\Windows\system32;C:\Windows;C:\Users\CARDX LTD\Scripts\;C:\Users\CARDX LTD\;C:\ProgramData\Oracle\Java\javapath;C:\Program Files\Microsoft\jdk-11.0.16.101-hotspot\bin;C:\Windows\system32;C:\Windows;C:\Windows\System32\Wbem;C:\Windows\System32\WindowsPowerShell\v1.0\;C:\Windows\System32\OpenSSH\;C:\Program Files\Microsoft SQL Server\150\Tools\Binn\;C:\Program Files\MySQL\MySQL Server 8.1\bin;C:\Program Files\Git\cmd;C:\Program Files\MySQL\MySQL Shell 8.0\bin\;C:\Users\CARDX LTD\AppData\Local\Microsoft\WindowsApps;C:\Users\CARDX LTD\AppData\Local\Programs\Microsoft VS Code\bin;C:\Program Files\JetBrains\IntelliJ IDEA Community Edition 2023.2.5\bin;;."/>
    <property name="java.vm.info" value="mixed mode, sharing"/>
    <property name="java.vendor" value="Amazon.com Inc."/>
    <property name="java.vm.version" value="17.0.9+8-LTS"/>
    <property name="sun.io.unicode.encoding" value="UnicodeLittle"/>
    <property name="java.class.version" value="61.0"/>
  </properties>
  <testcase name="com.webtech.webtechProject.WebtechProjectApplicationTests" classname="com.webtech.webtechProject.WebtechProjectApplicationTests" time="0.103">
    <error message="Could not load CacheAwareContextLoaderDelegate [org.springframework.test.context.cache.DefaultCacheAwareContextLoaderDelegate]" type="java.lang.IllegalStateException">java.lang.IllegalStateException: Could not load CacheAwareContextLoaderDelegate [org.springframework.test.context.cache.DefaultCacheAwareContextLoaderDelegate]
Caused by: org.springframework.beans.BeanInstantiationException: Failed to instantiate [org.springframework.test.context.cache.DefaultCacheAwareContextLoaderDelegate]: Constructor threw exception; nested exception is java.lang.NoClassDefFoundError: org/springframework/core/io/support/SpringFactoriesLoader$FailureHandler
Caused by: java.lang.NoClassDefFoundError: org/springframework/core/io/support/SpringFactoriesLoader$FailureHandler
Caused by: java.lang.ClassNotFoundException: org.springframework.core.io.support.SpringFactoriesLoader$FailureHandler
</error>
  </testcase>
</testsuite>